c:\users\marcus\documents\visual studio 2015\projects\half robot\half robot\debug\vc140.pdb
c:\users\marcus\documents\visual studio 2015\projects\half robot\half robot\debug\vc140.idb
c:\users\marcus\documents\visual studio 2015\projects\half robot\half robot\debug\helpmenu.obj
c:\users\marcus\documents\visual studio 2015\projects\half robot\half robot\debug\hurtstate.obj
c:\users\marcus\documents\visual studio 2015\projects\half robot\half robot\debug\jumpstate.obj
c:\users\marcus\documents\visual studio 2015\projects\half robot\half robot\debug\ladderstate.obj
c:\users\marcus\documents\visual studio 2015\projects\half robot\half robot\debug\main.obj
c:\users\marcus\documents\visual studio 2015\projects\half robot\half robot\debug\mainmenu.obj
c:\users\marcus\documents\visual studio 2015\projects\half robot\half robot\debug\menu.obj
c:\users\marcus\documents\visual studio 2015\projects\half robot\half robot\debug\model.obj
c:\users\marcus\documents\visual studio 2015\projects\half robot\half robot\debug\physics.obj
c:\users\marcus\documents\visual studio 2015\projects\half robot\half robot\debug\physicsai.obj
c:\users\marcus\documents\visual studio 2015\projects\half robot\half robot\debug\physicsbot.obj
c:\users\marcus\documents\visual studio 2015\projects\half robot\half robot\debug\physicsbullet.obj
c:\users\marcus\documents\visual studio 2015\projects\half robot\half robot\debug\physicsplayer.obj
c:\users\marcus\documents\visual studio 2015\projects\half robot\half robot\debug\playerinput.obj
c:\users\marcus\documents\visual studio 2015\projects\half robot\half robot\debug\shapehandler.obj
c:\users\marcus\documents\visual studio 2015\projects\half robot\half robot\debug\soundlocator.obj
c:\users\marcus\documents\visual studio 2015\projects\half robot\half robot\debug\stillstate.obj
c:\users\marcus\documents\visual studio 2015\projects\half robot\half robot\debug\walkstate.obj
c:\users\marcus\documents\visual studio 2015\projects\half robot\half robot\debug\window.obj
c:\users\marcus\documents\visual studio 2015\projects\half robot\half robot\debug\world.obj
c:\users\marcus\documents\visual studio 2015\projects\half robot\half robot\debug\aiinput.obj
c:\users\marcus\documents\visual studio 2015\projects\half robot\half robot\debug\bulletentity.obj
c:\users\marcus\documents\visual studio 2015\projects\half robot\half robot\debug\bulletinput.obj
c:\users\marcus\documents\visual studio 2015\projects\half robot\half robot\debug\entity.obj
c:\users\marcus\documents\visual studio 2015\projects\half robot\half robot\debug\graphics.obj
c:\users\marcus\documents\visual studio 2015\projects\half robot\half robot\debug\graphicsai.obj
c:\users\marcus\documents\visual studio 2015\projects\half robot\half robot\debug\graphicsai2.obj
c:\users\marcus\documents\visual studio 2015\projects\half robot\half robot\debug\graphicsbullet.obj
c:\users\marcus\documents\visual studio 2015\projects\half robot\half robot\debug\graphicsplayer.obj
c:\users\marcus\documents\visual studio 2015\projects\half robot\debug\half robot.ilk
c:\users\marcus\documents\visual studio 2015\projects\half robot\debug\half robot.exe
c:\users\marcus\documents\visual studio 2015\projects\half robot\debug\half robot.pdb
c:\users\marcus\documents\visual studio 2015\projects\half robot\half robot\debug\half robot.res
c:\users\marcus\documents\visual studio 2015\projects\half robot\half robot\debug\half robot.tlog\cl.command.1.tlog
c:\users\marcus\documents\visual studio 2015\projects\half robot\half robot\debug\half robot.tlog\cl.read.1.tlog
c:\users\marcus\documents\visual studio 2015\projects\half robot\half robot\debug\half robot.tlog\cl.write.1.tlog
c:\users\marcus\documents\visual studio 2015\projects\half robot\half robot\debug\half robot.tlog\link.command.1.tlog
c:\users\marcus\documents\visual studio 2015\projects\half robot\half robot\debug\half robot.tlog\link.read.1.tlog
c:\users\marcus\documents\visual studio 2015\projects\half robot\half robot\debug\half robot.tlog\link.write.1.tlog
c:\users\marcus\documents\visual studio 2015\projects\half robot\half robot\debug\half robot.tlog\rc.command.1.tlog
c:\users\marcus\documents\visual studio 2015\projects\half robot\half robot\debug\half robot.tlog\rc.read.1.tlog
c:\users\marcus\documents\visual studio 2015\projects\half robot\half robot\debug\half robot.tlog\rc.write.1.tlog
