c:\users\marcus\documents\visual studio 2015\projects\megagame\megagame\debug\vc140.pdb
c:\users\marcus\documents\visual studio 2015\projects\megagame\megagame\debug\vc140.idb
c:\users\marcus\documents\visual studio 2015\projects\megagame\megagame\debug\helpmenu.obj
c:\users\marcus\documents\visual studio 2015\projects\megagame\megagame\debug\hurtstate.obj
c:\users\marcus\documents\visual studio 2015\projects\megagame\megagame\debug\jumpstate.obj
c:\users\marcus\documents\visual studio 2015\projects\megagame\megagame\debug\ladderstate.obj
c:\users\marcus\documents\visual studio 2015\projects\megagame\megagame\debug\main.obj
c:\users\marcus\documents\visual studio 2015\projects\megagame\megagame\debug\mainmenu.obj
c:\users\marcus\documents\visual studio 2015\projects\megagame\megagame\debug\menu.obj
c:\users\marcus\documents\visual studio 2015\projects\megagame\megagame\debug\model.obj
c:\users\marcus\documents\visual studio 2015\projects\megagame\megagame\debug\physics.obj
c:\users\marcus\documents\visual studio 2015\projects\megagame\megagame\debug\physicsai.obj
c:\users\marcus\documents\visual studio 2015\projects\megagame\megagame\debug\physicsbot.obj
c:\users\marcus\documents\visual studio 2015\projects\megagame\megagame\debug\physicsbullet.obj
c:\users\marcus\documents\visual studio 2015\projects\megagame\megagame\debug\physicsplayer.obj
c:\users\marcus\documents\visual studio 2015\projects\megagame\megagame\debug\playerinput.obj
c:\users\marcus\documents\visual studio 2015\projects\megagame\megagame\debug\shapehandler.obj
c:\users\marcus\documents\visual studio 2015\projects\megagame\megagame\debug\soundlocator.obj
c:\users\marcus\documents\visual studio 2015\projects\megagame\megagame\debug\stillstate.obj
c:\users\marcus\documents\visual studio 2015\projects\megagame\megagame\debug\walkstate.obj
c:\users\marcus\documents\visual studio 2015\projects\megagame\megagame\debug\window.obj
c:\users\marcus\documents\visual studio 2015\projects\megagame\megagame\debug\world.obj
c:\users\marcus\documents\visual studio 2015\projects\megagame\megagame\debug\aiinput.obj
c:\users\marcus\documents\visual studio 2015\projects\megagame\megagame\debug\bulletentity.obj
c:\users\marcus\documents\visual studio 2015\projects\megagame\megagame\debug\bulletinput.obj
c:\users\marcus\documents\visual studio 2015\projects\megagame\megagame\debug\entity.obj
c:\users\marcus\documents\visual studio 2015\projects\megagame\megagame\debug\graphics.obj
c:\users\marcus\documents\visual studio 2015\projects\megagame\megagame\debug\graphicsai.obj
c:\users\marcus\documents\visual studio 2015\projects\megagame\megagame\debug\graphicsai2.obj
c:\users\marcus\documents\visual studio 2015\projects\megagame\megagame\debug\graphicsbullet.obj
c:\users\marcus\documents\visual studio 2015\projects\megagame\megagame\debug\graphicsplayer.obj
c:\users\marcus\documents\visual studio 2015\projects\megagame\debug\megagame.ilk
c:\users\marcus\documents\visual studio 2015\projects\megagame\debug\megagame.exe
c:\users\marcus\documents\visual studio 2015\projects\megagame\debug\megagame.pdb
c:\users\marcus\documents\visual studio 2015\projects\megagame\megagame\debug\megagame.tlog\cl.command.1.tlog
c:\users\marcus\documents\visual studio 2015\projects\megagame\megagame\debug\megagame.tlog\cl.read.1.tlog
c:\users\marcus\documents\visual studio 2015\projects\megagame\megagame\debug\megagame.tlog\cl.write.1.tlog
c:\users\marcus\documents\visual studio 2015\projects\megagame\megagame\debug\megagame.tlog\link.command.1.tlog
c:\users\marcus\documents\visual studio 2015\projects\megagame\megagame\debug\megagame.tlog\link.read.1.tlog
c:\users\marcus\documents\visual studio 2015\projects\megagame\megagame\debug\megagame.tlog\link.write.1.tlog
