C:\Program Files (x86)\MSBuild\Microsoft.Cpp\v4.0\V140\Microsoft.CppBuild.targets(392,5): warning MSB8028: The intermediate directory (Debug\) contains files shared from another project (MegaGame.vcxproj).  This can lead to incorrect clean and rebuild behavior.
  AIInput.cpp
c:\users\marcus\documents\visual studio 2015\projects\megagame\megagame\shapefuncs.h(61): warning C4244: 'argument': conversion from 'float' to 'Uint8', possible loss of data
c:\users\marcus\documents\visual studio 2015\projects\megagame\megagame\graphics.h(36): warning C4244: 'initializing': conversion from '__int64' to 'std::size_t', possible loss of data
c:\users\marcus\documents\visual studio 2015\projects\megagame\megagame\world.h(87): warning C4244: 'initializing': conversion from 'float' to 'int', possible loss of data
c:\users\marcus\documents\visual studio 2015\projects\megagame\megagame\world.h(93): warning C4244: 'initializing': conversion from 'float' to 'int', possible loss of data
c:\users\marcus\documents\visual studio 2015\projects\megagame\megagame\world.h(114): warning C4244: 'initializing': conversion from 'float' to 'int', possible loss of data
c:\users\marcus\documents\visual studio 2015\projects\megagame\megagame\world.h(120): warning C4244: 'initializing': conversion from 'float' to 'int', possible loss of data
c:\users\marcus\documents\visual studio 2015\projects\megagame\megagame\luabot.h(247): warning C4800: 'int': forcing value to bool 'true' or 'false' (performance warning)
  Generating Code...
  Compiling...
  Model.cpp
c:\users\marcus\documents\visual studio 2015\projects\megagame\megagame\shapefuncs.h(61): warning C4244: 'argument': conversion from 'float' to 'Uint8', possible loss of data
c:\users\marcus\documents\visual studio 2015\projects\megagame\megagame\graphics.h(36): warning C4244: 'initializing': conversion from '__int64' to 'std::size_t', possible loss of data
c:\users\marcus\documents\visual studio 2015\projects\megagame\megagame\world.h(87): warning C4244: 'initializing': conversion from 'float' to 'int', possible loss of data
c:\users\marcus\documents\visual studio 2015\projects\megagame\megagame\world.h(93): warning C4244: 'initializing': conversion from 'float' to 'int', possible loss of data
c:\users\marcus\documents\visual studio 2015\projects\megagame\megagame\world.h(114): warning C4244: 'initializing': conversion from 'float' to 'int', possible loss of data
c:\users\marcus\documents\visual studio 2015\projects\megagame\megagame\world.h(120): warning C4244: 'initializing': conversion from 'float' to 'int', possible loss of data
c:\users\marcus\documents\visual studio 2015\projects\megagame\megagame\luabot.h(247): warning C4800: 'int': forcing value to bool 'true' or 'false' (performance warning)
  Menu.cpp
c:\users\marcus\documents\visual studio 2015\projects\megagame\megagame\shapefuncs.h(61): warning C4244: 'argument': conversion from 'float' to 'Uint8', possible loss of data
c:\users\marcus\documents\visual studio 2015\projects\megagame\megagame\graphics.h(36): warning C4244: 'initializing': conversion from '__int64' to 'std::size_t', possible loss of data
c:\users\marcus\documents\visual studio 2015\projects\megagame\megagame\world.h(87): warning C4244: 'initializing': conversion from 'float' to 'int', possible loss of data
c:\users\marcus\documents\visual studio 2015\projects\megagame\megagame\world.h(93): warning C4244: 'initializing': conversion from 'float' to 'int', possible loss of data
c:\users\marcus\documents\visual studio 2015\projects\megagame\megagame\world.h(114): warning C4244: 'initializing': conversion from 'float' to 'int', possible loss of data
c:\users\marcus\documents\visual studio 2015\projects\megagame\megagame\world.h(120): warning C4244: 'initializing': conversion from 'float' to 'int', possible loss of data
c:\users\marcus\documents\visual studio 2015\projects\megagame\megagame\startmenu.h(104): warning C4244: 'initializing': conversion from 'float' to 'int', possible loss of data
c:\users\marcus\documents\visual studio 2015\projects\megagame\megagame\startmenu.h(105): warning C4244: 'initializing': conversion from 'float' to 'int', possible loss of data
c:\users\marcus\documents\visual studio 2015\projects\megagame\megagame\hp_bar.h(26): warning C4244: '=': conversion from 'float' to 'int', possible loss of data
c:\users\marcus\documents\visual studio 2015\projects\megagame\megagame\hp_bar.h(30): warning C4244: 'initializing': conversion from 'float' to 'int', possible loss of data
c:\users\marcus\documents\visual studio 2015\projects\megagame\megagame\winmenu.h(90): warning C4244: 'initializing': conversion from 'float' to 'int', possible loss of data
c:\users\marcus\documents\visual studio 2015\projects\megagame\megagame\winmenu.h(91): warning C4244: 'initializing': conversion from 'float' to 'int', possible loss of data
c:\users\marcus\documents\visual studio 2015\projects\megagame\megagame\gameactivity.h(60): warning C4244: 'initializing': conversion from 'double' to 'int', possible loss of data
c:\users\marcus\documents\visual studio 2015\projects\megagame\megagame\gameactivity.h(61): warning C4244: 'initializing': conversion from 'float' to 'int', possible loss of data
c:\users\marcus\documents\visual studio 2015\projects\megagame\megagame\gameactivity.h(227): warning C4244: 'initializing': conversion from '__int64' to 'std::size_t', possible loss of data
c:\users\marcus\documents\visual studio 2015\projects\megagame\megagame\gameactivity.h(254): warning C4244: 'initializing': conversion from '__int64' to 'std::size_t', possible loss of data
c:\users\marcus\documents\visual studio 2015\projects\megagame\megagame\gameactivity.h(266): warning C4244: 'initializing': conversion from '__int64' to 'int', possible loss of data
c:\users\marcus\documents\visual studio 2015\projects\megagame\megagame\gameactivity.h(294): warning C4244: 'initializing': conversion from 'float' to 'int', possible loss of data
c:\users\marcus\documents\visual studio 2015\projects\megagame\megagame\gameactivity.h(312): warning C4244: 'initializing': conversion from 'float' to 'int', possible loss of data
  Generating Code...
  Compiling...
  main.cpp
c:\users\marcus\documents\visual studio 2015\projects\megagame\megagame\shapefuncs.h(61): warning C4244: 'argument': conversion from 'float' to 'Uint8', possible loss of data
  MainMenu.cpp
c:\users\marcus\documents\visual studio 2015\projects\megagame\megagame\shapefuncs.h(61): warning C4244: 'argument': conversion from 'float' to 'Uint8', possible loss of data
c:\users\marcus\documents\visual studio 2015\projects\megagame\megagame\mainmenu.cpp(126): warning C4244: 'initializing': conversion from 'double' to 'int', possible loss of data
c:\users\marcus\documents\visual studio 2015\projects\megagame\megagame\mainmenu.cpp(128): warning C4244: 'initializing': conversion from 'double' to 'int', possible loss of data
c:\users\marcus\documents\visual studio 2015\projects\megagame\megagame\mainmenu.cpp(129): warning C4244: 'initializing': conversion from 'double' to 'int', possible loss of data
c:\users\marcus\documents\visual studio 2015\projects\megagame\megagame\mainmenu.cpp(137): warning C4244: '=': conversion from 'float' to 'int', possible loss of data
c:\users\marcus\documents\visual studio 2015\projects\megagame\megagame\mainmenu.cpp(138): warning C4244: '=': conversion from 'float' to 'int', possible loss of data
c:\users\marcus\documents\visual studio 2015\projects\megagame\megagame\mainmenu.cpp(140): warning C4244: '=': conversion from 'float' to 'int', possible loss of data
c:\users\marcus\documents\visual studio 2015\projects\megagame\megagame\mainmenu.cpp(143): warning C4244: '=': conversion from 'float' to 'int', possible loss of data
c:\users\marcus\documents\visual studio 2015\projects\megagame\megagame\mainmenu.cpp(152): warning C4244: '+=': conversion from 'float' to 'int', possible loss of data
c:\users\marcus\documents\visual studio 2015\projects\megagame\megagame\mainmenu.cpp(159): warning C4244: '+=': conversion from 'float' to 'int', possible loss of data
c:\users\marcus\documents\visual studio 2015\projects\megagame\megagame\mainmenu.cpp(161): warning C4244: '+=': conversion from 'float' to 'int', possible loss of data
  HelpMenu.cpp
c:\users\marcus\documents\visual studio 2015\projects\megagame\megagame\shapefuncs.h(61): warning C4244: 'argument': conversion from 'float' to 'Uint8', possible loss of data
c:\users\marcus\documents\visual studio 2015\projects\megagame\megagame\helpmenu.cpp(47): warning C4244: 'initializing': conversion from 'float' to 'int', possible loss of data
c:\users\marcus\documents\visual studio 2015\projects\megagame\megagame\helpmenu.cpp(48): warning C4244: 'initializing': conversion from 'float' to 'int', possible loss of data
  Generating Code...
  Skipping... (no relevant changes detected)
  World.cpp
  WalkState.cpp
  StillState.cpp
  ShapeHandler.cpp
  PlayerInput.cpp
  PhysicsPlayer.cpp
  PhysicsBullet.cpp
  PhysicsBot.cpp
  PhysicsAI.cpp
  Physics.cpp
  LadderState.cpp
  JumpState.cpp
  HurtState.cpp
  GraphicsPlayer.cpp
  GraphicsBullet.cpp
  GraphicsAI2.cpp
  GraphicsAI.cpp
  Graphics.cpp
  Entity.cpp
  BulletInput.cpp
  BulletEntity.cpp
  MegaGame.vcxproj -> C:\Users\Marcus\Documents\Visual Studio 2015\Projects\MegaGame\Debug\Half Robot.exe
  MegaGame.vcxproj -> C:\Users\Marcus\Documents\Visual Studio 2015\Projects\MegaGame\Debug\Half Robot.pdb (Partial PDB)
