c:\users\marcus\documents\visual studio 2015\projects\megagame\half robot\release\vc140.pdb
c:\users\marcus\documents\visual studio 2015\projects\megagame\half robot\release\physicsbot.obj
c:\users\marcus\documents\visual studio 2015\projects\megagame\half robot\release\physicsai.obj
c:\users\marcus\documents\visual studio 2015\projects\megagame\half robot\release\physics.obj
c:\users\marcus\documents\visual studio 2015\projects\megagame\half robot\release\model.obj
c:\users\marcus\documents\visual studio 2015\projects\megagame\half robot\release\menu.obj
c:\users\marcus\documents\visual studio 2015\projects\megagame\half robot\release\mainmenu.obj
c:\users\marcus\documents\visual studio 2015\projects\megagame\half robot\release\main.obj
c:\users\marcus\documents\visual studio 2015\projects\megagame\half robot\release\ladderstate.obj
c:\users\marcus\documents\visual studio 2015\projects\megagame\half robot\release\jumpstate.obj
c:\users\marcus\documents\visual studio 2015\projects\megagame\half robot\release\hurtstate.obj
c:\users\marcus\documents\visual studio 2015\projects\megagame\half robot\release\helpmenu.obj
c:\users\marcus\documents\visual studio 2015\projects\megagame\half robot\release\graphicsplayer.obj
c:\users\marcus\documents\visual studio 2015\projects\megagame\half robot\release\graphicsbullet.obj
c:\users\marcus\documents\visual studio 2015\projects\megagame\half robot\release\graphicsai2.obj
c:\users\marcus\documents\visual studio 2015\projects\megagame\half robot\release\graphicsai.obj
c:\users\marcus\documents\visual studio 2015\projects\megagame\half robot\release\graphics.obj
c:\users\marcus\documents\visual studio 2015\projects\megagame\half robot\release\entity.obj
c:\users\marcus\documents\visual studio 2015\projects\megagame\half robot\release\bulletinput.obj
c:\users\marcus\documents\visual studio 2015\projects\megagame\half robot\release\bulletentity.obj
c:\users\marcus\documents\visual studio 2015\projects\megagame\half robot\release\aiinput.obj
c:\users\marcus\documents\visual studio 2015\projects\megagame\half robot\release\world.obj
c:\users\marcus\documents\visual studio 2015\projects\megagame\half robot\release\window.obj
c:\users\marcus\documents\visual studio 2015\projects\megagame\half robot\release\walkstate.obj
c:\users\marcus\documents\visual studio 2015\projects\megagame\half robot\release\stillstate.obj
c:\users\marcus\documents\visual studio 2015\projects\megagame\half robot\release\soundlocator.obj
c:\users\marcus\documents\visual studio 2015\projects\megagame\half robot\release\shapehandler.obj
c:\users\marcus\documents\visual studio 2015\projects\megagame\half robot\release\playerinput.obj
c:\users\marcus\documents\visual studio 2015\projects\megagame\half robot\release\physicsplayer.obj
c:\users\marcus\documents\visual studio 2015\projects\megagame\half robot\release\physicsbullet.obj
c:\users\marcus\documents\visual studio 2015\projects\megagame\release\half robot.exe
c:\users\marcus\documents\visual studio 2015\projects\megagame\release\half robot.ipdb
c:\users\marcus\documents\visual studio 2015\projects\megagame\release\half robot.iobj
c:\users\marcus\documents\visual studio 2015\projects\megagame\release\half robot.pdb
c:\users\marcus\documents\visual studio 2015\projects\megagame\half robot\release\half robot.res
c:\users\marcus\documents\visual studio 2015\projects\megagame\half robot\release\half robot.tlog\cl.command.1.tlog
c:\users\marcus\documents\visual studio 2015\projects\megagame\half robot\release\half robot.tlog\cl.read.1.tlog
c:\users\marcus\documents\visual studio 2015\projects\megagame\half robot\release\half robot.tlog\cl.write.1.tlog
c:\users\marcus\documents\visual studio 2015\projects\megagame\half robot\release\half robot.tlog\link.command.1.tlog
c:\users\marcus\documents\visual studio 2015\projects\megagame\half robot\release\half robot.tlog\link.read.1.tlog
c:\users\marcus\documents\visual studio 2015\projects\megagame\half robot\release\half robot.tlog\link.write.1.tlog
c:\users\marcus\documents\visual studio 2015\projects\megagame\half robot\release\half robot.tlog\rc.command.1.tlog
c:\users\marcus\documents\visual studio 2015\projects\megagame\half robot\release\half robot.tlog\rc.read.1.tlog
c:\users\marcus\documents\visual studio 2015\projects\megagame\half robot\release\half robot.tlog\rc.write.1.tlog
