c:\users\marcus\documents\visual studio 2015\projects\megagame\megagame\release\vc140.pdb
c:\users\marcus\documents\visual studio 2015\projects\megagame\megagame\release\physicsbot.obj
c:\users\marcus\documents\visual studio 2015\projects\megagame\megagame\release\physicsai.obj
c:\users\marcus\documents\visual studio 2015\projects\megagame\megagame\release\physics.obj
c:\users\marcus\documents\visual studio 2015\projects\megagame\megagame\release\model.obj
c:\users\marcus\documents\visual studio 2015\projects\megagame\megagame\release\menu.obj
c:\users\marcus\documents\visual studio 2015\projects\megagame\megagame\release\mainmenu.obj
c:\users\marcus\documents\visual studio 2015\projects\megagame\megagame\release\main.obj
c:\users\marcus\documents\visual studio 2015\projects\megagame\megagame\release\ladderstate.obj
c:\users\marcus\documents\visual studio 2015\projects\megagame\megagame\release\jumpstate.obj
c:\users\marcus\documents\visual studio 2015\projects\megagame\megagame\release\hurtstate.obj
c:\users\marcus\documents\visual studio 2015\projects\megagame\megagame\release\helpmenu.obj
c:\users\marcus\documents\visual studio 2015\projects\megagame\megagame\release\graphicsplayer.obj
c:\users\marcus\documents\visual studio 2015\projects\megagame\megagame\release\graphicsbullet.obj
c:\users\marcus\documents\visual studio 2015\projects\megagame\megagame\release\graphicsai2.obj
c:\users\marcus\documents\visual studio 2015\projects\megagame\megagame\release\graphicsai.obj
c:\users\marcus\documents\visual studio 2015\projects\megagame\megagame\release\graphics.obj
c:\users\marcus\documents\visual studio 2015\projects\megagame\megagame\release\entity.obj
c:\users\marcus\documents\visual studio 2015\projects\megagame\megagame\release\bulletinput.obj
c:\users\marcus\documents\visual studio 2015\projects\megagame\megagame\release\bulletentity.obj
c:\users\marcus\documents\visual studio 2015\projects\megagame\megagame\release\aiinput.obj
c:\users\marcus\documents\visual studio 2015\projects\megagame\megagame\release\world.obj
c:\users\marcus\documents\visual studio 2015\projects\megagame\megagame\release\window.obj
c:\users\marcus\documents\visual studio 2015\projects\megagame\megagame\release\walkstate.obj
c:\users\marcus\documents\visual studio 2015\projects\megagame\megagame\release\stillstate.obj
c:\users\marcus\documents\visual studio 2015\projects\megagame\megagame\release\soundlocator.obj
c:\users\marcus\documents\visual studio 2015\projects\megagame\megagame\release\shapehandler.obj
c:\users\marcus\documents\visual studio 2015\projects\megagame\megagame\release\playerinput.obj
c:\users\marcus\documents\visual studio 2015\projects\megagame\megagame\release\physicsplayer.obj
c:\users\marcus\documents\visual studio 2015\projects\megagame\megagame\release\physicsbullet.obj
c:\users\marcus\documents\visual studio 2015\projects\megagame\megagame\release\megagame.tlog\cl.command.1.tlog
c:\users\marcus\documents\visual studio 2015\projects\megagame\megagame\release\megagame.tlog\cl.read.1.tlog
c:\users\marcus\documents\visual studio 2015\projects\megagame\megagame\release\megagame.tlog\cl.write.1.tlog
c:\users\marcus\documents\visual studio 2015\projects\megagame\megagame\release\megagame.tlog\link.command.1.tlog
c:\users\marcus\documents\visual studio 2015\projects\megagame\megagame\release\megagame.tlog\link.read.1.tlog
c:\users\marcus\documents\visual studio 2015\projects\megagame\megagame\release\megagame.tlog\link.write.1.tlog
