C:\Program Files (x86)\MSBuild\Microsoft.Cpp\v4.0\V140\Microsoft.CppBuild.targets(392,5): warning MSB8028: The intermediate directory (Release\) contains files shared from another project (MegaGame.vcxproj).  This can lead to incorrect clean and rebuild behavior.
  AIInput.cpp
c:\users\marcus\documents\visual studio 2015\projects\megagame\megagame\ShapeFuncs.h(61): warning C4244: 'argument': conversion from 'float' to 'Uint8', possible loss of data
c:\users\marcus\documents\visual studio 2015\projects\megagame\megagame\Graphics.h(36): warning C4244: 'initializing': conversion from '__int64' to 'std::size_t', possible loss of data
c:\users\marcus\documents\visual studio 2015\projects\megagame\megagame\World.h(87): warning C4244: 'initializing': conversion from 'float' to 'int', possible loss of data
c:\users\marcus\documents\visual studio 2015\projects\megagame\megagame\World.h(93): warning C4244: 'initializing': conversion from 'float' to 'int', possible loss of data
c:\users\marcus\documents\visual studio 2015\projects\megagame\megagame\World.h(114): warning C4244: 'initializing': conversion from 'float' to 'int', possible loss of data
c:\users\marcus\documents\visual studio 2015\projects\megagame\megagame\World.h(120): warning C4244: 'initializing': conversion from 'float' to 'int', possible loss of data
c:\users\marcus\documents\visual studio 2015\projects\megagame\megagame\LuaBot.h(247): warning C4800: 'int': forcing value to bool 'true' or 'false' (performance warning)
  BulletEntity.cpp
c:\users\marcus\documents\visual studio 2015\projects\megagame\megagame\ShapeFuncs.h(61): warning C4244: 'argument': conversion from 'float' to 'Uint8', possible loss of data
c:\users\marcus\documents\visual studio 2015\projects\megagame\megagame\Graphics.h(36): warning C4244: 'initializing': conversion from '__int64' to 'std::size_t', possible loss of data
c:\users\marcus\documents\visual studio 2015\projects\megagame\megagame\World.h(87): warning C4244: 'initializing': conversion from 'float' to 'int', possible loss of data
c:\users\marcus\documents\visual studio 2015\projects\megagame\megagame\World.h(93): warning C4244: 'initializing': conversion from 'float' to 'int', possible loss of data
c:\users\marcus\documents\visual studio 2015\projects\megagame\megagame\World.h(114): warning C4244: 'initializing': conversion from 'float' to 'int', possible loss of data
c:\users\marcus\documents\visual studio 2015\projects\megagame\megagame\World.h(120): warning C4244: 'initializing': conversion from 'float' to 'int', possible loss of data
  BulletInput.cpp
c:\users\marcus\documents\visual studio 2015\projects\megagame\megagame\ShapeFuncs.h(61): warning C4244: 'argument': conversion from 'float' to 'Uint8', possible loss of data
c:\users\marcus\documents\visual studio 2015\projects\megagame\megagame\Graphics.h(36): warning C4244: 'initializing': conversion from '__int64' to 'std::size_t', possible loss of data
  Entity.cpp
c:\users\marcus\documents\visual studio 2015\projects\megagame\megagame\ShapeFuncs.h(61): warning C4244: 'argument': conversion from 'float' to 'Uint8', possible loss of data
c:\users\marcus\documents\visual studio 2015\projects\megagame\megagame\Graphics.h(36): warning C4244: 'initializing': conversion from '__int64' to 'std::size_t', possible loss of data
Entity.cpp(38): warning C4244: 'initializing': conversion from '__int64' to 'int', possible loss of data
  Graphics.cpp
c:\users\marcus\documents\visual studio 2015\projects\megagame\megagame\ShapeFuncs.h(61): warning C4244: 'argument': conversion from 'float' to 'Uint8', possible loss of data
c:\users\marcus\documents\visual studio 2015\projects\megagame\megagame\Graphics.h(36): warning C4244: 'initializing': conversion from '__int64' to 'std::size_t', possible loss of data
c:\users\marcus\documents\visual studio 2015\projects\megagame\megagame\World.h(87): warning C4244: 'initializing': conversion from 'float' to 'int', possible loss of data
c:\users\marcus\documents\visual studio 2015\projects\megagame\megagame\World.h(93): warning C4244: 'initializing': conversion from 'float' to 'int', possible loss of data
c:\users\marcus\documents\visual studio 2015\projects\megagame\megagame\World.h(114): warning C4244: 'initializing': conversion from 'float' to 'int', possible loss of data
c:\users\marcus\documents\visual studio 2015\projects\megagame\megagame\World.h(120): warning C4244: 'initializing': conversion from 'float' to 'int', possible loss of data
Graphics.cpp(100): warning C4244: '=': conversion from 'float' to 'int', possible loss of data
Graphics.cpp(101): warning C4244: '=': conversion from 'float' to 'int', possible loss of data
Graphics.cpp(114): warning C4244: '=': conversion from 'float' to 'int', possible loss of data
Graphics.cpp(115): warning C4244: '=': conversion from 'float' to 'int', possible loss of data
Graphics.cpp(138): warning C4244: 'initializing': conversion from '__int64' to 'std::size_t', possible loss of data
  GraphicsAI.cpp
c:\users\marcus\documents\visual studio 2015\projects\megagame\megagame\ShapeFuncs.h(61): warning C4244: 'argument': conversion from 'float' to 'Uint8', possible loss of data
c:\users\marcus\documents\visual studio 2015\projects\megagame\megagame\Graphics.h(36): warning C4244: 'initializing': conversion from '__int64' to 'std::size_t', possible loss of data
c:\users\marcus\documents\visual studio 2015\projects\megagame\megagame\World.h(87): warning C4244: 'initializing': conversion from 'float' to 'int', possible loss of data
c:\users\marcus\documents\visual studio 2015\projects\megagame\megagame\World.h(93): warning C4244: 'initializing': conversion from 'float' to 'int', possible loss of data
c:\users\marcus\documents\visual studio 2015\projects\megagame\megagame\World.h(114): warning C4244: 'initializing': conversion from 'float' to 'int', possible loss of data
c:\users\marcus\documents\visual studio 2015\projects\megagame\megagame\World.h(120): warning C4244: 'initializing': conversion from 'float' to 'int', possible loss of data
GraphicsAI.cpp(21): warning C4800: 'int': forcing value to bool 'true' or 'false' (performance warning)
GraphicsAI.cpp(25): warning C4800: 'int': forcing value to bool 'true' or 'false' (performance warning)
  GraphicsAI2.cpp
c:\users\marcus\documents\visual studio 2015\projects\megagame\megagame\ShapeFuncs.h(61): warning C4244: 'argument': conversion from 'float' to 'Uint8', possible loss of data
c:\users\marcus\documents\visual studio 2015\projects\megagame\megagame\Graphics.h(36): warning C4244: 'initializing': conversion from '__int64' to 'std::size_t', possible loss of data
c:\users\marcus\documents\visual studio 2015\projects\megagame\megagame\World.h(87): warning C4244: 'initializing': conversion from 'float' to 'int', possible loss of data
c:\users\marcus\documents\visual studio 2015\projects\megagame\megagame\World.h(93): warning C4244: 'initializing': conversion from 'float' to 'int', possible loss of data
c:\users\marcus\documents\visual studio 2015\projects\megagame\megagame\World.h(114): warning C4244: 'initializing': conversion from 'float' to 'int', possible loss of data
c:\users\marcus\documents\visual studio 2015\projects\megagame\megagame\World.h(120): warning C4244: 'initializing': conversion from 'float' to 'int', possible loss of data
  GraphicsBullet.cpp
c:\users\marcus\documents\visual studio 2015\projects\megagame\megagame\ShapeFuncs.h(61): warning C4244: 'argument': conversion from 'float' to 'Uint8', possible loss of data
c:\users\marcus\documents\visual studio 2015\projects\megagame\megagame\Graphics.h(36): warning C4244: 'initializing': conversion from '__int64' to 'std::size_t', possible loss of data
c:\users\marcus\documents\visual studio 2015\projects\megagame\megagame\World.h(87): warning C4244: 'initializing': conversion from 'float' to 'int', possible loss of data
c:\users\marcus\documents\visual studio 2015\projects\megagame\megagame\World.h(93): warning C4244: 'initializing': conversion from 'float' to 'int', possible loss of data
c:\users\marcus\documents\visual studio 2015\projects\megagame\megagame\World.h(114): warning C4244: 'initializing': conversion from 'float' to 'int', possible loss of data
c:\users\marcus\documents\visual studio 2015\projects\megagame\megagame\World.h(120): warning C4244: 'initializing': conversion from 'float' to 'int', possible loss of data
  GraphicsPlayer.cpp
c:\users\marcus\documents\visual studio 2015\projects\megagame\megagame\ShapeFuncs.h(61): warning C4244: 'argument': conversion from 'float' to 'Uint8', possible loss of data
c:\users\marcus\documents\visual studio 2015\projects\megagame\megagame\Graphics.h(36): warning C4244: 'initializing': conversion from '__int64' to 'std::size_t', possible loss of data
c:\users\marcus\documents\visual studio 2015\projects\megagame\megagame\World.h(87): warning C4244: 'initializing': conversion from 'float' to 'int', possible loss of data
c:\users\marcus\documents\visual studio 2015\projects\megagame\megagame\World.h(93): warning C4244: 'initializing': conversion from 'float' to 'int', possible loss of data
c:\users\marcus\documents\visual studio 2015\projects\megagame\megagame\World.h(114): warning C4244: 'initializing': conversion from 'float' to 'int', possible loss of data
c:\users\marcus\documents\visual studio 2015\projects\megagame\megagame\World.h(120): warning C4244: 'initializing': conversion from 'float' to 'int', possible loss of data
GraphicsPlayer.cpp(119): warning C4800: 'int': forcing value to bool 'true' or 'false' (performance warning)
  HelpMenu.cpp
c:\users\marcus\documents\visual studio 2015\projects\megagame\megagame\ShapeFuncs.h(61): warning C4244: 'argument': conversion from 'float' to 'Uint8', possible loss of data
HelpMenu.cpp(47): warning C4244: 'initializing': conversion from 'float' to 'int', possible loss of data
HelpMenu.cpp(48): warning C4244: 'initializing': conversion from 'float' to 'int', possible loss of data
  HurtState.cpp
c:\users\marcus\documents\visual studio 2015\projects\megagame\megagame\ShapeFuncs.h(61): warning C4244: 'argument': conversion from 'float' to 'Uint8', possible loss of data
c:\users\marcus\documents\visual studio 2015\projects\megagame\megagame\Graphics.h(36): warning C4244: 'initializing': conversion from '__int64' to 'std::size_t', possible loss of data
c:\users\marcus\documents\visual studio 2015\projects\megagame\megagame\World.h(87): warning C4244: 'initializing': conversion from 'float' to 'int', possible loss of data
c:\users\marcus\documents\visual studio 2015\projects\megagame\megagame\World.h(93): warning C4244: 'initializing': conversion from 'float' to 'int', possible loss of data
c:\users\marcus\documents\visual studio 2015\projects\megagame\megagame\World.h(114): warning C4244: 'initializing': conversion from 'float' to 'int', possible loss of data
c:\users\marcus\documents\visual studio 2015\projects\megagame\megagame\World.h(120): warning C4244: 'initializing': conversion from 'float' to 'int', possible loss of data
  JumpState.cpp
c:\users\marcus\documents\visual studio 2015\projects\megagame\megagame\ShapeFuncs.h(61): warning C4244: 'argument': conversion from 'float' to 'Uint8', possible loss of data
c:\users\marcus\documents\visual studio 2015\projects\megagame\megagame\Graphics.h(36): warning C4244: 'initializing': conversion from '__int64' to 'std::size_t', possible loss of data
  LadderState.cpp
c:\users\marcus\documents\visual studio 2015\projects\megagame\megagame\ShapeFuncs.h(61): warning C4244: 'argument': conversion from 'float' to 'Uint8', possible loss of data
c:\users\marcus\documents\visual studio 2015\projects\megagame\megagame\Graphics.h(36): warning C4244: 'initializing': conversion from '__int64' to 'std::size_t', possible loss of data
  main.cpp
c:\users\marcus\documents\visual studio 2015\projects\megagame\megagame\ShapeFuncs.h(61): warning C4244: 'argument': conversion from 'float' to 'Uint8', possible loss of data
  MainMenu.cpp
c:\users\marcus\documents\visual studio 2015\projects\megagame\megagame\ShapeFuncs.h(61): warning C4244: 'argument': conversion from 'float' to 'Uint8', possible loss of data
MainMenu.cpp(126): warning C4244: 'initializing': conversion from 'double' to 'int', possible loss of data
MainMenu.cpp(128): warning C4244: 'initializing': conversion from 'double' to 'int', possible loss of data
MainMenu.cpp(129): warning C4244: 'initializing': conversion from 'double' to 'int', possible loss of data
MainMenu.cpp(137): warning C4244: '=': conversion from 'float' to 'int', possible loss of data
MainMenu.cpp(138): warning C4244: '=': conversion from 'float' to 'int', possible loss of data
MainMenu.cpp(140): warning C4244: '=': conversion from 'float' to 'int', possible loss of data
MainMenu.cpp(143): warning C4244: '=': conversion from 'float' to 'int', possible loss of data
MainMenu.cpp(152): warning C4244: '+=': conversion from 'float' to 'int', possible loss of data
MainMenu.cpp(159): warning C4244: '+=': conversion from 'float' to 'int', possible loss of data
MainMenu.cpp(161): warning C4244: '+=': conversion from 'float' to 'int', possible loss of data
  Menu.cpp
c:\users\marcus\documents\visual studio 2015\projects\megagame\megagame\ShapeFuncs.h(61): warning C4244: 'argument': conversion from 'float' to 'Uint8', possible loss of data
c:\users\marcus\documents\visual studio 2015\projects\megagame\megagame\Graphics.h(36): warning C4244: 'initializing': conversion from '__int64' to 'std::size_t', possible loss of data
c:\users\marcus\documents\visual studio 2015\projects\megagame\megagame\World.h(87): warning C4244: 'initializing': conversion from 'float' to 'int', possible loss of data
c:\users\marcus\documents\visual studio 2015\projects\megagame\megagame\World.h(93): warning C4244: 'initializing': conversion from 'float' to 'int', possible loss of data
c:\users\marcus\documents\visual studio 2015\projects\megagame\megagame\World.h(114): warning C4244: 'initializing': conversion from 'float' to 'int', possible loss of data
c:\users\marcus\documents\visual studio 2015\projects\megagame\megagame\World.h(120): warning C4244: 'initializing': conversion from 'float' to 'int', possible loss of data
c:\users\marcus\documents\visual studio 2015\projects\megagame\megagame\StartMenu.h(104): warning C4244: 'initializing': conversion from 'float' to 'int', possible loss of data
c:\users\marcus\documents\visual studio 2015\projects\megagame\megagame\StartMenu.h(105): warning C4244: 'initializing': conversion from 'float' to 'int', possible loss of data
c:\users\marcus\documents\visual studio 2015\projects\megagame\megagame\HP_Bar.h(26): warning C4244: '=': conversion from 'float' to 'int', possible loss of data
c:\users\marcus\documents\visual studio 2015\projects\megagame\megagame\HP_Bar.h(30): warning C4244: 'initializing': conversion from 'float' to 'int', possible loss of data
c:\users\marcus\documents\visual studio 2015\projects\megagame\megagame\WinMenu.h(90): warning C4244: 'initializing': conversion from 'float' to 'int', possible loss of data
c:\users\marcus\documents\visual studio 2015\projects\megagame\megagame\WinMenu.h(91): warning C4244: 'initializing': conversion from 'float' to 'int', possible loss of data
c:\users\marcus\documents\visual studio 2015\projects\megagame\megagame\GameActivity.h(60): warning C4244: 'initializing': conversion from 'double' to 'int', possible loss of data
c:\users\marcus\documents\visual studio 2015\projects\megagame\megagame\GameActivity.h(61): warning C4244: 'initializing': conversion from 'float' to 'int', possible loss of data
c:\users\marcus\documents\visual studio 2015\projects\megagame\megagame\GameActivity.h(227): warning C4244: 'initializing': conversion from '__int64' to 'std::size_t', possible loss of data
c:\users\marcus\documents\visual studio 2015\projects\megagame\megagame\GameActivity.h(254): warning C4244: 'initializing': conversion from '__int64' to 'std::size_t', possible loss of data
c:\users\marcus\documents\visual studio 2015\projects\megagame\megagame\GameActivity.h(266): warning C4244: 'initializing': conversion from '__int64' to 'int', possible loss of data
c:\users\marcus\documents\visual studio 2015\projects\megagame\megagame\GameActivity.h(294): warning C4244: 'initializing': conversion from 'float' to 'int', possible loss of data
c:\users\marcus\documents\visual studio 2015\projects\megagame\megagame\GameActivity.h(312): warning C4244: 'initializing': conversion from 'float' to 'int', possible loss of data
  Model.cpp
c:\users\marcus\documents\visual studio 2015\projects\megagame\megagame\ShapeFuncs.h(61): warning C4244: 'argument': conversion from 'float' to 'Uint8', possible loss of data
c:\users\marcus\documents\visual studio 2015\projects\megagame\megagame\Graphics.h(36): warning C4244: 'initializing': conversion from '__int64' to 'std::size_t', possible loss of data
c:\users\marcus\documents\visual studio 2015\projects\megagame\megagame\World.h(87): warning C4244: 'initializing': conversion from 'float' to 'int', possible loss of data
c:\users\marcus\documents\visual studio 2015\projects\megagame\megagame\World.h(93): warning C4244: 'initializing': conversion from 'float' to 'int', possible loss of data
c:\users\marcus\documents\visual studio 2015\projects\megagame\megagame\World.h(114): warning C4244: 'initializing': conversion from 'float' to 'int', possible loss of data
c:\users\marcus\documents\visual studio 2015\projects\megagame\megagame\World.h(120): warning C4244: 'initializing': conversion from 'float' to 'int', possible loss of data
c:\users\marcus\documents\visual studio 2015\projects\megagame\megagame\LuaBot.h(247): warning C4800: 'int': forcing value to bool 'true' or 'false' (performance warning)
  Physics.cpp
c:\users\marcus\documents\visual studio 2015\projects\megagame\megagame\ShapeFuncs.h(61): warning C4244: 'argument': conversion from 'float' to 'Uint8', possible loss of data
c:\users\marcus\documents\visual studio 2015\projects\megagame\megagame\Graphics.h(36): warning C4244: 'initializing': conversion from '__int64' to 'std::size_t', possible loss of data
c:\users\marcus\documents\visual studio 2015\projects\megagame\megagame\World.h(87): warning C4244: 'initializing': conversion from 'float' to 'int', possible loss of data
c:\users\marcus\documents\visual studio 2015\projects\megagame\megagame\World.h(93): warning C4244: 'initializing': conversion from 'float' to 'int', possible loss of data
c:\users\marcus\documents\visual studio 2015\projects\megagame\megagame\World.h(114): warning C4244: 'initializing': conversion from 'float' to 'int', possible loss of data
c:\users\marcus\documents\visual studio 2015\projects\megagame\megagame\World.h(120): warning C4244: 'initializing': conversion from 'float' to 'int', possible loss of data
  PhysicsAI.cpp
c:\users\marcus\documents\visual studio 2015\projects\megagame\megagame\ShapeFuncs.h(61): warning C4244: 'argument': conversion from 'float' to 'Uint8', possible loss of data
c:\users\marcus\documents\visual studio 2015\projects\megagame\megagame\Graphics.h(36): warning C4244: 'initializing': conversion from '__int64' to 'std::size_t', possible loss of data
c:\users\marcus\documents\visual studio 2015\projects\megagame\megagame\World.h(87): warning C4244: 'initializing': conversion from 'float' to 'int', possible loss of data
c:\users\marcus\documents\visual studio 2015\projects\megagame\megagame\World.h(93): warning C4244: 'initializing': conversion from 'float' to 'int', possible loss of data
c:\users\marcus\documents\visual studio 2015\projects\megagame\megagame\World.h(114): warning C4244: 'initializing': conversion from 'float' to 'int', possible loss of data
c:\users\marcus\documents\visual studio 2015\projects\megagame\megagame\World.h(120): warning C4244: 'initializing': conversion from 'float' to 'int', possible loss of data
  PhysicsBot.cpp
c:\users\marcus\documents\visual studio 2015\projects\megagame\megagame\ShapeFuncs.h(61): warning C4244: 'argument': conversion from 'float' to 'Uint8', possible loss of data
c:\users\marcus\documents\visual studio 2015\projects\megagame\megagame\Graphics.h(36): warning C4244: 'initializing': conversion from '__int64' to 'std::size_t', possible loss of data
c:\users\marcus\documents\visual studio 2015\projects\megagame\megagame\World.h(87): warning C4244: 'initializing': conversion from 'float' to 'int', possible loss of data
c:\users\marcus\documents\visual studio 2015\projects\megagame\megagame\World.h(93): warning C4244: 'initializing': conversion from 'float' to 'int', possible loss of data
c:\users\marcus\documents\visual studio 2015\projects\megagame\megagame\World.h(114): warning C4244: 'initializing': conversion from 'float' to 'int', possible loss of data
c:\users\marcus\documents\visual studio 2015\projects\megagame\megagame\World.h(120): warning C4244: 'initializing': conversion from 'float' to 'int', possible loss of data
  Compiling...
  PhysicsBullet.cpp
c:\users\marcus\documents\visual studio 2015\projects\megagame\megagame\ShapeFuncs.h(61): warning C4244: 'argument': conversion from 'float' to 'Uint8', possible loss of data
c:\users\marcus\documents\visual studio 2015\projects\megagame\megagame\Graphics.h(36): warning C4244: 'initializing': conversion from '__int64' to 'std::size_t', possible loss of data
c:\users\marcus\documents\visual studio 2015\projects\megagame\megagame\World.h(87): warning C4244: 'initializing': conversion from 'float' to 'int', possible loss of data
c:\users\marcus\documents\visual studio 2015\projects\megagame\megagame\World.h(93): warning C4244: 'initializing': conversion from 'float' to 'int', possible loss of data
c:\users\marcus\documents\visual studio 2015\projects\megagame\megagame\World.h(114): warning C4244: 'initializing': conversion from 'float' to 'int', possible loss of data
c:\users\marcus\documents\visual studio 2015\projects\megagame\megagame\World.h(120): warning C4244: 'initializing': conversion from 'float' to 'int', possible loss of data
  PhysicsPlayer.cpp
c:\users\marcus\documents\visual studio 2015\projects\megagame\megagame\ShapeFuncs.h(61): warning C4244: 'argument': conversion from 'float' to 'Uint8', possible loss of data
c:\users\marcus\documents\visual studio 2015\projects\megagame\megagame\Graphics.h(36): warning C4244: 'initializing': conversion from '__int64' to 'std::size_t', possible loss of data
c:\users\marcus\documents\visual studio 2015\projects\megagame\megagame\World.h(87): warning C4244: 'initializing': conversion from 'float' to 'int', possible loss of data
c:\users\marcus\documents\visual studio 2015\projects\megagame\megagame\World.h(93): warning C4244: 'initializing': conversion from 'float' to 'int', possible loss of data
c:\users\marcus\documents\visual studio 2015\projects\megagame\megagame\World.h(114): warning C4244: 'initializing': conversion from 'float' to 'int', possible loss of data
c:\users\marcus\documents\visual studio 2015\projects\megagame\megagame\World.h(120): warning C4244: 'initializing': conversion from 'float' to 'int', possible loss of data
  PlayerInput.cpp
c:\users\marcus\documents\visual studio 2015\projects\megagame\megagame\ShapeFuncs.h(61): warning C4244: 'argument': conversion from 'float' to 'Uint8', possible loss of data
c:\users\marcus\documents\visual studio 2015\projects\megagame\megagame\Graphics.h(36): warning C4244: 'initializing': conversion from '__int64' to 'std::size_t', possible loss of data
c:\users\marcus\documents\visual studio 2015\projects\megagame\megagame\World.h(87): warning C4244: 'initializing': conversion from 'float' to 'int', possible loss of data
c:\users\marcus\documents\visual studio 2015\projects\megagame\megagame\World.h(93): warning C4244: 'initializing': conversion from 'float' to 'int', possible loss of data
c:\users\marcus\documents\visual studio 2015\projects\megagame\megagame\World.h(114): warning C4244: 'initializing': conversion from 'float' to 'int', possible loss of data
c:\users\marcus\documents\visual studio 2015\projects\megagame\megagame\World.h(120): warning C4244: 'initializing': conversion from 'float' to 'int', possible loss of data
  ShapeHandler.cpp
c:\users\marcus\documents\visual studio 2015\projects\megagame\megagame\ShapeFuncs.h(61): warning C4244: 'argument': conversion from 'float' to 'Uint8', possible loss of data
  SoundLocator.cpp
  StillState.cpp
c:\users\marcus\documents\visual studio 2015\projects\megagame\megagame\ShapeFuncs.h(61): warning C4244: 'argument': conversion from 'float' to 'Uint8', possible loss of data
c:\users\marcus\documents\visual studio 2015\projects\megagame\megagame\Graphics.h(36): warning C4244: 'initializing': conversion from '__int64' to 'std::size_t', possible loss of data
  WalkState.cpp
c:\users\marcus\documents\visual studio 2015\projects\megagame\megagame\ShapeFuncs.h(61): warning C4244: 'argument': conversion from 'float' to 'Uint8', possible loss of data
c:\users\marcus\documents\visual studio 2015\projects\megagame\megagame\Graphics.h(36): warning C4244: 'initializing': conversion from '__int64' to 'std::size_t', possible loss of data
  Window.cpp
  World.cpp
c:\users\marcus\documents\visual studio 2015\projects\megagame\megagame\ShapeFuncs.h(61): warning C4244: 'argument': conversion from 'float' to 'Uint8', possible loss of data
c:\users\marcus\documents\visual studio 2015\projects\megagame\megagame\World.h(87): warning C4244: 'initializing': conversion from 'float' to 'int', possible loss of data
c:\users\marcus\documents\visual studio 2015\projects\megagame\megagame\World.h(93): warning C4244: 'initializing': conversion from 'float' to 'int', possible loss of data
c:\users\marcus\documents\visual studio 2015\projects\megagame\megagame\World.h(114): warning C4244: 'initializing': conversion from 'float' to 'int', possible loss of data
c:\users\marcus\documents\visual studio 2015\projects\megagame\megagame\World.h(120): warning C4244: 'initializing': conversion from 'float' to 'int', possible loss of data
  Generating code
  All 998 functions were compiled because no usable IPDB/IOBJ from previous compilation was found.
  Finished generating code
  MegaGame.vcxproj -> C:\Users\Marcus\Documents\Visual Studio 2015\Projects\MegaGame\Release\Half Robot.exe
  MegaGame.vcxproj -> C:\Users\Marcus\Documents\Visual Studio 2015\Projects\MegaGame\Release\Half Robot.pdb (Full PDB)
